<?xml version="1.0" encoding="UTF-8" ?>
<testsuite errors="0" failures="2" hostname="aleph-null" name="null" tests="3" time="0.051" timestamp="2016-11-27T11:39:01">
  <properties />
  <testcase classname="uk.ac.gold.doc.junitXmlFormatter.SampleTests" name="testException" time="0.008">
    <failure type="testException(uk.ac.gold.doc.junitXmlFormatter.SampleTests)">java.lang.IllegalArgumentException
	at uk.ac.gold.doc.junitXmlFormatter.SampleTests.testException(SampleTests.java:27)
	at uk.ac.gold.doc.junitXmlFormatter.Runner.runTests(Runner.java:27)
	at uk.ac.gold.doc.junitXmlFormatter.RunnerTest.testRunnerWithSampleTests(RunnerTest.java:18)
	at org.apache.maven.surefire.junit4.JUnit4Provider.execute(JUnit4Provider.java:264)
	at org.apache.maven.surefire.junit4.JUnit4Provider.executeTestSet(JUnit4Provider.java:153)
	at org.apache.maven.surefire.junit4.JUnit4Provider.invoke(JUnit4Provider.java:124)
	at org.apache.maven.surefire.booter.ForkedBooter.invokeProviderInSameClassLoader(ForkedBooter.java:200)
	at org.apache.maven.surefire.booter.ForkedBooter.runSuitesInProcess(ForkedBooter.java:153)
	at org.apache.maven.surefire.booter.ForkedBooter.main(ForkedBooter.java:103)
</failure>
  </testcase>
  <testcase classname="uk.ac.gold.doc.junitXmlFormatter.SampleTests" name="testAssertionError" time="0.001">
    <failure type="testAssertionError(uk.ac.gold.doc.junitXmlFormatter.SampleTests)">java.lang.AssertionError
	at uk.ac.gold.doc.junitXmlFormatter.SampleTests.testAssertionError(SampleTests.java:22)
	at uk.ac.gold.doc.junitXmlFormatter.Runner.runTests(Runner.java:27)
	at uk.ac.gold.doc.junitXmlFormatter.RunnerTest.testRunnerWithSampleTests(RunnerTest.java:18)
	at org.apache.maven.surefire.junit4.JUnit4Provider.execute(JUnit4Provider.java:264)
	at org.apache.maven.surefire.junit4.JUnit4Provider.executeTestSet(JUnit4Provider.java:153)
	at org.apache.maven.surefire.junit4.JUnit4Provider.invoke(JUnit4Provider.java:124)
	at org.apache.maven.surefire.booter.ForkedBooter.invokeProviderInSameClassLoader(ForkedBooter.java:200)
	at org.apache.maven.surefire.booter.ForkedBooter.runSuitesInProcess(ForkedBooter.java:153)
	at org.apache.maven.surefire.booter.ForkedBooter.main(ForkedBooter.java:103)
</failure>
  </testcase>
  <testcase classname="uk.ac.gold.doc.junitXmlFormatter.SampleTests" name="testSuccess" time="0.001" />
</testsuite>
